File containing the dos >>> Read   156 lines; Delta e (cm^-1) =  1.000000
Check: 3*Nat =   5.9963     zero-point energy (Ry)=     0.00242506
Output file for the Free energy >>> Temperature (K) >>> T=    0.00K,  F(T)=      0.00242506 Ry
Temperature (K) >>> T=   20.00K,  F(T)=      0.00241241 Ry
Temperature (K) >>> T=   40.00K,  F(T)=      0.00228535 Ry
Temperature (K) >>> T=   60.00K,  F(T)=      0.00198090 Ry
Temperature (K) >>> T=   80.00K,  F(T)=      0.00150357 Ry
Temperature (K) >>> T=  100.00K,  F(T)=      0.00087435 Ry
Temperature (K) >>> T=  120.00K,  F(T)=      0.00011375 Ry
Temperature (K) >>> T=  140.00K,  F(T)=     -0.00076119 Ry
Temperature (K) >>> T=  160.00K,  F(T)=     -0.00173679 Ry
Temperature (K) >>> T=  180.00K,  F(T)=     -0.00280201 Ry
Temperature (K) >>> T=  200.00K,  F(T)=     -0.00394785 Ry
Temperature (K) >>> T=  220.00K,  F(T)=     -0.00516688 Ry
Temperature (K) >>> T=  240.00K,  F(T)=     -0.00645288 Ry
Temperature (K) >>> T=  260.00K,  F(T)=     -0.00780056 Ry
Temperature (K) >>> T=  280.00K,  F(T)=     -0.00920539 Ry
Temperature (K) >>> T=  300.00K,  F(T)=     -0.01066346 Ry
Temperature (K) >>> T=  320.00K,  F(T)=     -0.01217134 Ry
Temperature (K) >>> T=  340.00K,  F(T)=     -0.01372600 Ry
Temperature (K) >>> T=  360.00K,  F(T)=     -0.01532477 Ry
Temperature (K) >>> T=  380.00K,  F(T)=     -0.01696525 Ry
Temperature (K) >>> T=  400.00K,  F(T)=     -0.01864529 Ry
Temperature (K) >>> T=  420.00K,  F(T)=     -0.02036297 Ry
Temperature (K) >>> T=  440.00K,  F(T)=     -0.02211650 Ry
Temperature (K) >>> T=  460.00K,  F(T)=     -0.02390430 Ry
Temperature (K) >>> T=  480.00K,  F(T)=     -0.02572488 Ry
Temperature (K) >>> T=  500.00K,  F(T)=     -0.02757691 Ry
Temperature (K) >>> T=  520.00K,  F(T)=     -0.02945915 Ry
Temperature (K) >>> T=  540.00K,  F(T)=     -0.03137043 Ry
Temperature (K) >>> T=  560.00K,  F(T)=     -0.03330970 Ry
Temperature (K) >>> T=  580.00K,  F(T)=     -0.03527597 Ry
Temperature (K) >>> T=  600.00K,  F(T)=     -0.03726831 Ry
Temperature (K) >>> 